<?xml version="1.0" encoding="UTF-8"?>
<!-- Generated by org.testng.reporters.JUnitReportReporter -->
<testsuite hostname="Akshay" failures="0" tests="3" name="com.mockingdemo.tests.ServerAApiTest" time="1.404" errors="0" timestamp="2025-03-02T20:30:26 IST" skipped="0">
  <testcase classname="com.mockingdemo.tests.ServerAApiTest" name="testServerAProcessEndpoint" time="1.168"/>
  <system-out/>
  <testcase classname="com.mockingdemo.tests.ServerAApiTest" name="testServerAWithDifferentUser" time="0.119"/>
  <system-out/>
  <testcase classname="com.mockingdemo.tests.ServerAApiTest" name="testServerAWithEmptyQuery" time="0.117"/>
  <system-out/>
</testsuite> <!-- com.mockingdemo.tests.ServerAApiTest -->
